#
# A fatal error has been detected by the Java Runtime Environment:
#
#  SIGSEGV (0xb) at pc=0x000000010d1dc32c, pid=4351, tid=8707
#
# JRE version: OpenJDK Runtime Environment (15.0.2+7) (build 15.0.2+7-27)
# Java VM: OpenJDK 64-Bit Server VM (15.0.2+7-27, mixed mode, tiered, compressed oops, g1 gc, bsd-amd64)
# Problematic frame:
# C  [libjimage.dylib+0x332c]  _ZNK15ImageFileReader19find_location_indexEPKcPy+0x8c
#
# No core dump will be written. Core dumps have been disabled. To enable core dumping, try "ulimit -c unlimited" before starting Java again
#
# If you would like to submit a bug report, please visit:
#   https://bugreport.java.com/bugreport/crash.jsp
#

---------------  S U M M A R Y ------------

Command Line: -XX:+ShowCodeDetailsInExceptionMessages -agentlib:jdwp=transport=dt_socket,suspend=y,address=localhost:51309 -javaagent:/Applications/Eclipse.app/Contents/Eclipse/configuration/org.eclipse.osgi/645/0/.cp/lib/javaagent-shaded.jar -Dfile.encoding=UTF-8 bruteForce.BaekJoon_2309

Host: MacBookAir10,1 x86_64 2400 MHz, 8 cores, 8G, Darwin 21.4.0
Time: Sat Aug 13 13:45:45 2022 KST elapsed time: 944.185960 seconds (0d 0h 15m 44s)

---------------  T H R E A D  ---------------

Current thread (0x00007fa94e009400):  JavaThread "main" [_thread_in_vm, id=8707, stack(0x000000030db06000,0x000000030dc06000)]

Stack: [0x000000030db06000,0x000000030dc06000],  sp=0x000000030dc04310,  free space=1016k
Native frames: (J=compiled Java code, A=aot compiled Java code, j=interpreted, Vv=VM code, C=native code)
C  [libjimage.dylib+0x332c]  _ZNK15ImageFileReader19find_location_indexEPKcPy+0x8c
C  [libjimage.dylib+0x37a0]  JIMAGE_FindResource+0xd0
V  [libjvm.dylib+0x293e1a]  _ZN19ClassPathImageEntry22open_stream_for_loaderEPKcP15ClassLoaderDataP6Thread+0x7a
V  [libjvm.dylib+0x297823]  _ZN11ClassLoader10load_classEP6SymbolbP6Thread+0x143
